{"/home/oleg22/BTH/dbwebb-kurser/JSbasedRamVerk/jsramverk-Noach/backend/app.mjs": {"path":"/home/oleg22/BTH/dbwebb-kurser/JSbasedRamVerk/jsramverk-Noach/backend/app.mjs","statementMap":{"0":{"start":{"line":2,"column":0},"end":{"line":2,"column":29}},"1":{"start":{"line":3,"column":11},"end":{"line":3,"column":84}},"2":{"start":{"line":14,"column":12},"end":{"line":14,"column":21}},"3":{"start":{"line":16,"column":0},"end":{"line":16,"column":16}},"4":{"start":{"line":19,"column":0},"end":{"line":19,"column":27}},"5":{"start":{"line":21,"column":0},"end":{"line":21,"column":28}},"6":{"start":{"line":23,"column":0},"end":{"line":23,"column":30}},"7":{"start":{"line":26,"column":0},"end":{"line":30,"column":3}},"8":{"start":{"line":27,"column":2},"end":{"line":27,"column":26}},"9":{"start":{"line":28,"column":2},"end":{"line":28,"column":24}},"10":{"start":{"line":29,"column":2},"end":{"line":29,"column":9}},"11":{"start":{"line":32,"column":0},"end":{"line":32,"column":60}},"12":{"start":{"line":34,"column":0},"end":{"line":34,"column":24}},"13":{"start":{"line":37,"column":0},"end":{"line":37,"column":35}},"14":{"start":{"line":40,"column":0},"end":{"line":43,"column":1}},"15":{"start":{"line":42,"column":4},"end":{"line":42,"column":32}},"16":{"start":{"line":45,"column":0},"end":{"line":45,"column":26}},"17":{"start":{"line":51,"column":0},"end":{"line":55,"column":3}},"18":{"start":{"line":52,"column":12},"end":{"line":52,"column":34}},"19":{"start":{"line":53,"column":2},"end":{"line":53,"column":19}},"20":{"start":{"line":54,"column":2},"end":{"line":54,"column":12}},"21":{"start":{"line":58,"column":0},"end":{"line":72,"column":3}},"22":{"start":{"line":59,"column":2},"end":{"line":61,"column":3}},"23":{"start":{"line":60,"column":6},"end":{"line":60,"column":23}},"24":{"start":{"line":63,"column":2},"end":{"line":71,"column":5}},"25":{"start":{"line":73,"column":15},"end":{"line":75,"column":2}},"26":{"start":{"line":74,"column":2},"end":{"line":74,"column":54}}},"fnMap":{"0":{"name":"(anonymous_0)","decl":{"start":{"line":26,"column":8},"end":{"line":26,"column":9}},"loc":{"start":{"line":26,"column":28},"end":{"line":30,"column":1}},"line":26},"1":{"name":"(anonymous_1)","decl":{"start":{"line":51,"column":8},"end":{"line":51,"column":9}},"loc":{"start":{"line":51,"column":28},"end":{"line":55,"column":1}},"line":51},"2":{"name":"(anonymous_2)","decl":{"start":{"line":58,"column":8},"end":{"line":58,"column":9}},"loc":{"start":{"line":58,"column":33},"end":{"line":72,"column":1}},"line":58},"3":{"name":"(anonymous_3)","decl":{"start":{"line":73,"column":32},"end":{"line":73,"column":33}},"loc":{"start":{"line":73,"column":38},"end":{"line":75,"column":1}},"line":73}},"branchMap":{"0":{"loc":{"start":{"line":3,"column":11},"end":{"line":3,"column":84}},"type":"cond-expr","locations":[{"start":{"line":3,"column":44},"end":{"line":3,"column":65}},{"start":{"line":3,"column":68},"end":{"line":3,"column":84}}],"line":3},"1":{"loc":{"start":{"line":40,"column":0},"end":{"line":43,"column":1}},"type":"if","locations":[{"start":{"line":40,"column":0},"end":{"line":43,"column":1}},{"start":{},"end":{}}],"line":40},"2":{"loc":{"start":{"line":59,"column":2},"end":{"line":61,"column":3}},"type":"if","locations":[{"start":{"line":59,"column":2},"end":{"line":61,"column":3}},{"start":{},"end":{}}],"line":59},"3":{"loc":{"start":{"line":63,"column":13},"end":{"line":63,"column":30}},"type":"binary-expr","locations":[{"start":{"line":63,"column":13},"end":{"line":63,"column":23}},{"start":{"line":63,"column":27},"end":{"line":63,"column":30}}],"line":63}},"s":{"0":1,"1":1,"2":1,"3":1,"4":1,"5":1,"6":1,"7":1,"8":6,"9":6,"10":6,"11":1,"12":1,"13":1,"14":1,"15":0,"16":1,"17":1,"18":0,"19":0,"20":0,"21":1,"22":0,"23":0,"24":0,"25":1,"26":1},"f":{"0":6,"1":0,"2":0,"3":1},"b":{"0":[1,0],"1":[0,1],"2":[0,0],"3":[0,0]},"_coverageSchema":"1a1c01bbd47fc00a2c39e90264f33305004495a9","hash":"f4c2f614b31809b88552fb2ec6a900c924ac7d52"}
,"/home/oleg22/BTH/dbwebb-kurser/JSbasedRamVerk/jsramverk-Noach/backend/db/mongo/mongoDb.mjs": {"path":"/home/oleg22/BTH/dbwebb-kurser/JSbasedRamVerk/jsramverk-Noach/backend/db/mongo/mongoDb.mjs","statementMap":{"0":{"start":{"line":5,"column":10},"end":{"line":5,"column":182}},"1":{"start":{"line":13,"column":17},"end":{"line":41,"column":1}},"2":{"start":{"line":16,"column":8},"end":{"line":18,"column":9}},"3":{"start":{"line":17,"column":12},"end":{"line":17,"column":46}},"4":{"start":{"line":19,"column":23},"end":{"line":25,"column":9}},"5":{"start":{"line":28,"column":8},"end":{"line":28,"column":31}},"6":{"start":{"line":30,"column":8},"end":{"line":39,"column":9}},"7":{"start":{"line":32,"column":25},"end":{"line":32,"column":55}},"8":{"start":{"line":34,"column":26},"end":{"line":34,"column":74}},"9":{"start":{"line":36,"column":8},"end":{"line":36,"column":55}},"10":{"start":{"line":38,"column":12},"end":{"line":38,"column":64}}},"fnMap":{"0":{"name":"connect","decl":{"start":{"line":14,"column":29},"end":{"line":14,"column":36}},"loc":{"start":{"line":14,"column":39},"end":{"line":40,"column":3}},"line":14}},"branchMap":{"0":{"loc":{"start":{"line":16,"column":8},"end":{"line":18,"column":9}},"type":"if","locations":[{"start":{"line":16,"column":8},"end":{"line":18,"column":9}},{"start":{},"end":{}}],"line":16}},"s":{"0":3,"1":3,"2":19,"3":19,"4":19,"5":19,"6":19,"7":19,"8":19,"9":19,"10":0},"f":{"0":19},"b":{"0":[19,0]},"_coverageSchema":"1a1c01bbd47fc00a2c39e90264f33305004495a9","hash":"3afe88b9089652ac9e3081630eab7d8483617cc3"}
,"/home/oleg22/BTH/dbwebb-kurser/JSbasedRamVerk/jsramverk-Noach/backend/docs/remoteDocs.mjs": {"path":"/home/oleg22/BTH/dbwebb-kurser/JSbasedRamVerk/jsramverk-Noach/backend/docs/remoteDocs.mjs","statementMap":{"0":{"start":{"line":6,"column":18},"end":{"line":189,"column":1}},"1":{"start":{"line":18,"column":28},"end":{"line":18,"column":52}},"2":{"start":{"line":19,"column":8},"end":{"line":27,"column":9}},"3":{"start":{"line":21,"column":30},"end":{"line":21,"column":75}},"4":{"start":{"line":22,"column":12},"end":{"line":22,"column":29}},"5":{"start":{"line":24,"column":12},"end":{"line":24,"column":25}},"6":{"start":{"line":26,"column":12},"end":{"line":26,"column":45}},"7":{"start":{"line":42,"column":22},"end":{"line":42,"column":39}},"8":{"start":{"line":44,"column":24},"end":{"line":46,"column":9}},"9":{"start":{"line":47,"column":28},"end":{"line":47,"column":52}},"10":{"start":{"line":48,"column":8},"end":{"line":52,"column":9}},"11":{"start":{"line":49,"column":12},"end":{"line":49,"column":78}},"12":{"start":{"line":51,"column":12},"end":{"line":51,"column":45}},"13":{"start":{"line":72,"column":23},"end":{"line":72,"column":53}},"14":{"start":{"line":74,"column":24},"end":{"line":74,"column":41}},"15":{"start":{"line":75,"column":26},"end":{"line":80,"column":11}},"16":{"start":{"line":81,"column":28},"end":{"line":81,"column":52}},"17":{"start":{"line":82,"column":8},"end":{"line":86,"column":9}},"18":{"start":{"line":83,"column":12},"end":{"line":83,"column":86}},"19":{"start":{"line":85,"column":12},"end":{"line":85,"column":45}},"20":{"start":{"line":99,"column":28},"end":{"line":99,"column":52}},"21":{"start":{"line":100,"column":21},"end":{"line":103,"column":9}},"22":{"start":{"line":104,"column":8},"end":{"line":109,"column":9}},"23":{"start":{"line":105,"column":29},"end":{"line":105,"column":73}},"24":{"start":{"line":106,"column":12},"end":{"line":106,"column":28}},"25":{"start":{"line":108,"column":12},"end":{"line":108,"column":45}},"26":{"start":{"line":124,"column":28},"end":{"line":124,"column":52}},"27":{"start":{"line":125,"column":8},"end":{"line":130,"column":9}},"28":{"start":{"line":126,"column":12},"end":{"line":126,"column":65}},"29":{"start":{"line":127,"column":12},"end":{"line":127,"column":87}},"30":{"start":{"line":129,"column":12},"end":{"line":129,"column":45}},"31":{"start":{"line":144,"column":32},"end":{"line":144,"column":56}},"32":{"start":{"line":145,"column":12},"end":{"line":149,"column":13}},"33":{"start":{"line":146,"column":16},"end":{"line":146,"column":78}},"34":{"start":{"line":148,"column":16},"end":{"line":148,"column":49}},"35":{"start":{"line":163,"column":32},"end":{"line":163,"column":56}},"36":{"start":{"line":164,"column":12},"end":{"line":168,"column":13}},"37":{"start":{"line":165,"column":16},"end":{"line":165,"column":90}},"38":{"start":{"line":167,"column":16},"end":{"line":167,"column":49}}},"fnMap":{"0":{"name":"getAll","decl":{"start":{"line":17,"column":29},"end":{"line":17,"column":35}},"loc":{"start":{"line":17,"column":38},"end":{"line":28,"column":5}},"line":17},"1":{"name":"findTitles","decl":{"start":{"line":41,"column":31},"end":{"line":41,"column":41}},"loc":{"start":{"line":41,"column":52},"end":{"line":53,"column":5}},"line":41},"2":{"name":"updateOne","decl":{"start":{"line":68,"column":30},"end":{"line":68,"column":39}},"loc":{"start":{"line":68,"column":60},"end":{"line":87,"column":5}},"line":68},"3":{"name":"addNew","decl":{"start":{"line":98,"column":27},"end":{"line":98,"column":33}},"loc":{"start":{"line":98,"column":36},"end":{"line":110,"column":5}},"line":98},"4":{"name":"removeById","decl":{"start":{"line":122,"column":31},"end":{"line":122,"column":41}},"loc":{"start":{"line":122,"column":46},"end":{"line":131,"column":5}},"line":122},"5":{"name":"removeByTitle","decl":{"start":{"line":143,"column":38},"end":{"line":143,"column":51}},"loc":{"start":{"line":143,"column":59},"end":{"line":150,"column":9}},"line":143},"6":{"name":"getByID","decl":{"start":{"line":162,"column":32},"end":{"line":162,"column":39}},"loc":{"start":{"line":162,"column":44},"end":{"line":169,"column":9}},"line":162}},"branchMap":{},"s":{"0":2,"1":11,"2":11,"3":11,"4":11,"5":0,"6":11,"7":0,"8":0,"9":0,"10":0,"11":0,"12":0,"13":2,"14":2,"15":2,"16":2,"17":2,"18":2,"19":2,"20":2,"21":2,"22":2,"23":2,"24":2,"25":2,"26":2,"27":2,"28":2,"29":2,"30":2,"31":0,"32":0,"33":0,"34":0,"35":1,"36":1,"37":1,"38":1},"f":{"0":11,"1":0,"2":2,"3":2,"4":2,"5":0,"6":1},"b":{},"_coverageSchema":"1a1c01bbd47fc00a2c39e90264f33305004495a9","hash":"9c409a0a486ea638f7906ba5c5bcf17289d5b08e"}
,"/home/oleg22/BTH/dbwebb-kurser/JSbasedRamVerk/jsramverk-Noach/backend/routes/mongoRemote.mjs": {"path":"/home/oleg22/BTH/dbwebb-kurser/JSbasedRamVerk/jsramverk-Noach/backend/routes/mongoRemote.mjs","statementMap":{"0":{"start":{"line":5,"column":15},"end":{"line":5,"column":31}},"1":{"start":{"line":8,"column":0},"end":{"line":8,"column":27}},"2":{"start":{"line":11,"column":0},"end":{"line":18,"column":3}},"3":{"start":{"line":12,"column":4},"end":{"line":17,"column":5}},"4":{"start":{"line":13,"column":27},"end":{"line":13,"column":51}},"5":{"start":{"line":14,"column":8},"end":{"line":14,"column":44}},"6":{"start":{"line":16,"column":8},"end":{"line":16,"column":35}},"7":{"start":{"line":21,"column":0},"end":{"line":28,"column":3}},"8":{"start":{"line":22,"column":4},"end":{"line":27,"column":5}},"9":{"start":{"line":23,"column":23},"end":{"line":23,"column":47}},"10":{"start":{"line":24,"column":8},"end":{"line":24,"column":29}},"11":{"start":{"line":26,"column":8},"end":{"line":26,"column":35}},"12":{"start":{"line":31,"column":0},"end":{"line":39,"column":3}},"13":{"start":{"line":32,"column":35},"end":{"line":32,"column":43}},"14":{"start":{"line":33,"column":4},"end":{"line":38,"column":5}},"15":{"start":{"line":34,"column":23},"end":{"line":34,"column":68}},"16":{"start":{"line":35,"column":8},"end":{"line":35,"column":29}},"17":{"start":{"line":37,"column":8},"end":{"line":37,"column":89}},"18":{"start":{"line":42,"column":0},"end":{"line":50,"column":3}},"19":{"start":{"line":43,"column":15},"end":{"line":43,"column":28}},"20":{"start":{"line":44,"column":4},"end":{"line":49,"column":5}},"21":{"start":{"line":45,"column":23},"end":{"line":45,"column":53}},"22":{"start":{"line":46,"column":8},"end":{"line":46,"column":29}},"23":{"start":{"line":48,"column":8},"end":{"line":48,"column":35}}},"fnMap":{"0":{"name":"(anonymous_0)","decl":{"start":{"line":11,"column":16},"end":{"line":11,"column":17}},"loc":{"start":{"line":11,"column":35},"end":{"line":18,"column":1}},"line":11},"1":{"name":"(anonymous_1)","decl":{"start":{"line":21,"column":17},"end":{"line":21,"column":18}},"loc":{"start":{"line":21,"column":37},"end":{"line":28,"column":1}},"line":21},"2":{"name":"(anonymous_2)","decl":{"start":{"line":31,"column":22},"end":{"line":31,"column":23}},"loc":{"start":{"line":31,"column":42},"end":{"line":39,"column":1}},"line":31},"3":{"name":"(anonymous_3)","decl":{"start":{"line":42,"column":29},"end":{"line":42,"column":30}},"loc":{"start":{"line":42,"column":49},"end":{"line":50,"column":1}},"line":42}},"branchMap":{},"s":{"0":1,"1":1,"2":1,"3":3,"4":3,"5":3,"6":0,"7":1,"8":1,"9":1,"10":1,"11":0,"12":1,"13":1,"14":1,"15":1,"16":1,"17":0,"18":1,"19":1,"20":1,"21":1,"22":1,"23":0},"f":{"0":3,"1":1,"2":1,"3":1},"b":{},"_coverageSchema":"1a1c01bbd47fc00a2c39e90264f33305004495a9","hash":"b3a79fa57e16f7cbaa152a3573f53f1e2041a2cd"}
}
