TN:
SF:app.mjs
FN:30,(anonymous_0)
FN:55,(anonymous_1)
FN:62,(anonymous_2)
FN:77,(anonymous_3)
FNF:4
FNH:2
FNDA:4,(anonymous_0)
FNDA:0,(anonymous_1)
FNDA:0,(anonymous_2)
FNDA:1,(anonymous_3)
DA:3,1
DA:18,1
DA:20,1
DA:23,1
DA:25,1
DA:27,1
DA:30,1
DA:31,4
DA:32,4
DA:33,4
DA:36,1
DA:38,1
DA:41,1
DA:44,1
DA:46,0
DA:49,1
DA:55,1
DA:56,0
DA:57,0
DA:58,0
DA:62,1
DA:63,0
DA:64,0
DA:67,0
DA:77,1
DA:78,1
LF:26
LH:19
BRDA:3,0,0,1
BRDA:3,0,1,0
BRDA:44,1,0,0
BRDA:44,1,1,1
BRDA:63,2,0,0
BRDA:63,2,1,0
BRDA:67,3,0,0
BRDA:67,3,1,0
BRF:8
BRH:2
end_of_record
TN:
SF:db/mongo/mongoDb.mjs
FN:25,remoteMongo
FNF:1
FNH:1
FNDA:9,remoteMongo
DA:5,2
DA:10,2
DA:19,2
DA:26,9
DA:27,9
DA:30,9
DA:31,9
DA:32,0
DA:33,0
DA:34,0
DA:35,0
DA:37,0
LF:12
LH:7
BRDA:26,0,0,9
BRDA:26,0,1,0
BRF:2
BRH:1
end_of_record
TN:
SF:docs/remoteDocs.mjs
FN:17,getAll
FN:41,findTitles
FN:68,updateOne
FN:98,addNew
FN:122,removeById
FN:143,removeByTitle
FN:162,getByID
FNF:7
FNH:2
FNDA:8,getAll
FNDA:0,findTitles
FNDA:0,updateOne
FNDA:1,addNew
FNDA:0,removeById
FNDA:0,removeByTitle
FNDA:0,getByID
DA:6,2
DA:18,8
DA:19,0
DA:21,0
DA:22,0
DA:24,0
DA:26,0
DA:42,0
DA:44,0
DA:47,0
DA:48,0
DA:49,0
DA:51,0
DA:72,0
DA:74,0
DA:75,0
DA:81,0
DA:82,0
DA:83,0
DA:85,0
DA:99,1
DA:100,0
DA:104,0
DA:105,0
DA:106,0
DA:108,0
DA:124,0
DA:125,0
DA:126,0
DA:127,0
DA:129,0
DA:144,0
DA:145,0
DA:146,0
DA:148,0
DA:163,0
DA:164,0
DA:165,0
DA:167,0
LF:39
LH:3
BRF:0
BRH:0
end_of_record
TN:
SF:routes/mongoRemote.mjs
FN:11,(anonymous_0)
FN:21,(anonymous_1)
FN:31,(anonymous_2)
FN:42,(anonymous_3)
FNF:4
FNH:2
FNDA:3,(anonymous_0)
FNDA:1,(anonymous_1)
FNDA:0,(anonymous_2)
FNDA:0,(anonymous_3)
DA:5,1
DA:8,1
DA:11,1
DA:12,3
DA:13,3
DA:14,0
DA:16,0
DA:21,1
DA:22,1
DA:23,1
DA:24,0
DA:26,0
DA:31,1
DA:32,0
DA:33,0
DA:34,0
DA:35,0
DA:37,0
DA:42,1
DA:43,0
DA:44,0
DA:45,0
DA:46,0
DA:48,0
LF:24
LH:10
BRF:0
BRH:0
end_of_record
