TN:
SF:app.mjs
FN:26,(anonymous_0)
FN:51,(anonymous_1)
FN:58,(anonymous_2)
FN:73,(anonymous_3)
FNF:4
FNH:2
FNDA:6,(anonymous_0)
FNDA:0,(anonymous_1)
FNDA:0,(anonymous_2)
FNDA:1,(anonymous_3)
DA:3,1
DA:14,1
DA:16,1
DA:19,1
DA:21,1
DA:23,1
DA:26,1
DA:27,6
DA:28,6
DA:29,6
DA:32,1
DA:34,1
DA:37,1
DA:40,1
DA:42,0
DA:45,1
DA:51,1
DA:52,0
DA:53,0
DA:54,0
DA:58,1
DA:59,0
DA:60,0
DA:63,0
DA:73,1
DA:74,1
LF:26
LH:19
BRDA:3,0,0,1
BRDA:3,0,1,0
BRDA:40,1,0,0
BRDA:40,1,1,1
BRDA:59,2,0,0
BRDA:59,2,1,0
BRDA:63,3,0,0
BRDA:63,3,1,0
BRF:8
BRH:2
end_of_record
TN:
SF:db/mongo/mongoDb.mjs
FN:14,connect
FNF:1
FNH:1
FNDA:19,connect
DA:5,3
DA:13,3
DA:16,19
DA:17,19
DA:19,19
DA:28,19
DA:30,19
DA:32,19
DA:34,19
DA:36,19
DA:38,0
LF:11
LH:10
BRDA:16,0,0,19
BRDA:16,0,1,0
BRF:2
BRH:1
end_of_record
TN:
SF:docs/remoteDocs.mjs
FN:17,getAll
FN:41,findTitles
FN:68,updateOne
FN:98,addNew
FN:122,removeById
FN:143,removeByTitle
FN:162,getByID
FNF:7
FNH:5
FNDA:11,getAll
FNDA:0,findTitles
FNDA:2,updateOne
FNDA:2,addNew
FNDA:2,removeById
FNDA:0,removeByTitle
FNDA:1,getByID
DA:6,2
DA:18,11
DA:19,11
DA:21,11
DA:22,11
DA:24,0
DA:26,11
DA:42,0
DA:44,0
DA:47,0
DA:48,0
DA:49,0
DA:51,0
DA:72,2
DA:74,2
DA:75,2
DA:81,2
DA:82,2
DA:83,2
DA:85,2
DA:99,2
DA:100,2
DA:104,2
DA:105,2
DA:106,2
DA:108,2
DA:124,2
DA:125,2
DA:126,2
DA:127,2
DA:129,2
DA:144,0
DA:145,0
DA:146,0
DA:148,0
DA:163,1
DA:164,1
DA:165,1
DA:167,1
LF:39
LH:28
BRF:0
BRH:0
end_of_record
TN:
SF:routes/mongoRemote.mjs
FN:11,(anonymous_0)
FN:21,(anonymous_1)
FN:31,(anonymous_2)
FN:42,(anonymous_3)
FNF:4
FNH:4
FNDA:3,(anonymous_0)
FNDA:1,(anonymous_1)
FNDA:1,(anonymous_2)
FNDA:1,(anonymous_3)
DA:5,1
DA:8,1
DA:11,1
DA:12,3
DA:13,3
DA:14,3
DA:16,0
DA:21,1
DA:22,1
DA:23,1
DA:24,1
DA:26,0
DA:31,1
DA:32,1
DA:33,1
DA:34,1
DA:35,1
DA:37,0
DA:42,1
DA:43,1
DA:44,1
DA:45,1
DA:46,1
DA:48,0
LF:24
LH:20
BRF:0
BRH:0
end_of_record
